c:\master rad shone\master\master rad\master rad\x64\debug\vc140.pdb
c:\master rad shone\master\master rad\master rad\x64\debug\vc140.idb
c:\master rad shone\master\master rad\master rad\x64\debug\main.obj
c:\master rad shone\master\master rad\master rad\x64\debug\andnode.obj
c:\master rad shone\master\master rad\master rad\x64\debug\operatornode.obj
c:\master rad shone\master\master rad\master rad\x64\debug\operandnode.obj
c:\master rad shone\master\master rad\master rad\x64\debug\ornode.obj
c:\master rad shone\master\master rad\master rad\x64\debug\booltree.obj
c:\master rad shone\master\master rad\x64\debug\master rad.ilk
c:\master rad shone\master\master rad\x64\debug\master rad.exe
c:\master rad shone\master\master rad\x64\debug\master rad.pdb
e:\master\master rad\master rad\x64\debug\andnode.obj
e:\master\master rad\master rad\x64\debug\booltree.obj
e:\master\master rad\master rad\x64\debug\main.obj
e:\master\master rad\master rad\x64\debug\operandnode.obj
e:\master\master rad\master rad\x64\debug\operatornode.obj
e:\master\master rad\master rad\x64\debug\ornode.obj
e:\master\master rad\master rad\x64\debug\vc140.idb
e:\master\master rad\master rad\x64\debug\vc140.pdb
e:\master\master rad\x64\debug\master rad.pdb
e:\master\master rad\x64\debug\master rad.exe
e:\master\master rad\x64\debug\master rad.ilk
e:\master\master rad\master rad\x64\debug\master rad.tlog\cl.command.1.tlog
e:\master\master rad\master rad\x64\debug\master rad.tlog\cl.read.1.tlog
e:\master\master rad\master rad\x64\debug\master rad.tlog\cl.write.1.tlog
e:\master\master rad\master rad\x64\debug\master rad.tlog\link.command.1.tlog
e:\master\master rad\master rad\x64\debug\master rad.tlog\link.read.1.tlog
e:\master\master rad\master rad\x64\debug\master rad.tlog\link.write.1.tlog
